Using pre-set license
Built from '2020.3/staging' branch; Version is '2020.3.19f1 (68f137dc9bbe) revision 6877495'; Using compiler version '192528614'; Build Type 'Release'
OS: 'Windows 10 Home; OS build 19044.1586; Version 2009; 64bit' Language: 'en' Physical Memory: 32698 MB
BatchMode: 1, IsHumanControllingUs: 0, StartBugReporterOnCrash: 0, Is64bit: 1, IsPro: 0

COMMAND LINE ARGUMENTS:
C:\Program Files\Unity\Hub\Editor\2020.3.19f1\Editor\Unity.exe
-adb2
-batchMode
-noUpm
-name
AssetImportWorker0
-projectPath
C:/Users/jhest/Desktop/Project_Survival/Project_Survival
-logFile
Logs/AssetImportWorker0.log
-srvPort
60825
Successfully changed project path to: C:/Users/jhest/Desktop/Project_Survival/Project_Survival
C:/Users/jhest/Desktop/Project_Survival/Project_Survival
Using Asset Import Pipeline V2.
Refreshing native plugins compatible for Editor in 32.60 ms, found 2 plugins.
Preloading 0 native plugins for Editor in 0.00 ms.
Initialize engine version: 2020.3.19f1 (68f137dc9bbe)
[Subsystems] Discovering subsystems at path C:/Program Files/Unity/Hub/Editor/2020.3.19f1/Editor/Data/Resources/UnitySubsystems
[Subsystems] Discovering subsystems at path C:/Users/jhest/Desktop/Project_Survival/Project_Survival/Assets
GfxDevice: creating device client; threaded=0
Direct3D:
    Version:  Direct3D 11.0 [level 11.1]
    Renderer: NVIDIA GeForce GTX 1080 (ID=0x1b80)
    Vendor:   
    VRAM:     8079 MB
    Driver:   30.0.15.1215
Initialize mono
Mono path[0] = 'C:/Program Files/Unity/Hub/Editor/2020.3.19f1/Editor/Data/Managed'
Mono path[1] = 'C:/Program Files/Unity/Hub/Editor/2020.3.19f1/Editor/Data/MonoBleedingEdge/lib/mono/unityjit'
Mono config path = 'C:/Program Files/Unity/Hub/Editor/2020.3.19f1/Editor/Data/MonoBleedingEdge/etc'
Using monoOptions --debugger-agent=transport=dt_socket,embedding=1,server=y,suspend=n,address=127.0.0.1:56056
Begin MonoManager ReloadAssembly
Registering precompiled unity dll's ...
Register platform support module: C:/Program Files/Unity/Hub/Editor/2020.3.19f1/Editor/Data/PlaybackEngines/WindowsStandaloneSupport/UnityEditor.WindowsStandalone.Extensions.dll
Registered in 0.002428 seconds.
Native extension for WindowsStandalone target not found
Refreshing native plugins compatible for Editor in 30.53 ms, found 2 plugins.
Preloading 0 native plugins for Editor in 0.00 ms.
Mono: successfully reloaded assembly
- Completed reload, in  0.977 seconds
Domain Reload Profiling:
	ReloadAssembly (977ms)
		BeginReloadAssembly (51ms)
			ExecutionOrderSort (0ms)
			DisableScriptedObjects (0ms)
			BackupInstance (0ms)
			ReleaseScriptingObjects (0ms)
			CreateAndSetChildDomain (1ms)
		EndReloadAssembly (336ms)
			LoadAssemblies (48ms)
			RebuildTransferFunctionScriptingTraits (0ms)
			SetupTypeCache (124ms)
			ReleaseScriptCaches (0ms)
			RebuildScriptCaches (23ms)
			SetupLoadedEditorAssemblies (129ms)
				LogAssemblyErrors (0ms)
				InitializePlatformSupportModulesInManaged (3ms)
				SetLoadedEditorAssemblies (0ms)
				RefreshPlugins (31ms)
				BeforeProcessingInitializeOnLoad (10ms)
				ProcessInitializeOnLoadAttributes (63ms)
				ProcessInitializeOnLoadMethodAttributes (22ms)
				AfterProcessingInitializeOnLoad (0ms)
				EditorAssembliesLoaded (0ms)
			ExecutionOrderSort2 (0ms)
			AwakeInstancesAfterBackupRestoration (0ms)
Platform modules already initialized, skipping
Registering precompiled user dll's ...
Registered in 0.003784 seconds.
Begin MonoManager ReloadAssembly
Native extension for WindowsStandalone target not found
Refreshing native plugins compatible for Editor in 30.06 ms, found 2 plugins.
Preloading 0 native plugins for Editor in 0.00 ms.
Mono: successfully reloaded assembly
- Completed reload, in  1.085 seconds
Domain Reload Profiling:
	ReloadAssembly (1086ms)
		BeginReloadAssembly (124ms)
			ExecutionOrderSort (0ms)
			DisableScriptedObjects (4ms)
			BackupInstance (0ms)
			ReleaseScriptingObjects (0ms)
			CreateAndSetChildDomain (15ms)
		EndReloadAssembly (907ms)
			LoadAssemblies (76ms)
			RebuildTransferFunctionScriptingTraits (0ms)
			SetupTypeCache (218ms)
			ReleaseScriptCaches (0ms)
			RebuildScriptCaches (37ms)
			SetupLoadedEditorAssemblies (483ms)
				LogAssemblyErrors (0ms)
				InitializePlatformSupportModulesInManaged (3ms)
				SetLoadedEditorAssemblies (0ms)
				RefreshPlugins (30ms)
				BeforeProcessingInitializeOnLoad (57ms)
				ProcessInitializeOnLoadAttributes (381ms)
				ProcessInitializeOnLoadMethodAttributes (3ms)
				AfterProcessingInitializeOnLoad (8ms)
				EditorAssembliesLoaded (0ms)
			ExecutionOrderSort2 (0ms)
			AwakeInstancesAfterBackupRestoration (5ms)
Platform modules already initialized, skipping
========================================================================
Worker process is ready to serve import requests
Launched and connected shader compiler UnityShaderCompiler.exe after 0.04 seconds
Refreshing native plugins compatible for Editor in 0.37 ms, found 2 plugins.
Preloading 0 native plugins for Editor in 0.00 ms.
Unloading 1655 Unused Serialized files (Serialized files now loaded: 0)
System memory in use before: 95.7 MB.
System memory in use after: 95.6 MB.

Unloading 29 unused Assets to reduce memory usage. Loaded Objects now: 2117.
Total: 2.308800 ms (FindLiveObjects: 0.153200 ms CreateObjectMapping: 0.059000 ms MarkObjects: 1.941900 ms  DeleteObjects: 0.153900 ms)

AssetImportParameters requested are different than current active one (requested -> active):
  custom:framework-win-MediaFoundation: 216162199b28c13a410421893ffa2e32 -> 
  custom:video-decoder-ogg-theora: a1e56fd34408186e4bbccfd4996cb3dc -> 
  custom:container-muxer-webm: aa71ff27fc2769a1b78a27578f13a17b -> 
  custom:container-demuxer-webm: 4f35f7cbe854078d1ac9338744f61a02 -> 
  custom:container-demuxer-ogg: 62fdf1f143b41e24485cea50d1cbac27 -> 
  custom:video-encoder-webm-vp8: eb34c28f22e8b96e1ab97ce403110664 -> 
  custom:video-codec-MediaFoundation-h265: 746d11721c4dcdbdad8f713fa42b33f4 -> 
  custom:video-decoder-webm-vp8: 9c59270c3fd7afecdb556c50c9e8de78 -> 
  custom:audio-decoder-ogg-vorbis: bf7c407c2cedff20999df2af8eb42d56 -> 
  custom:audio-encoder-webm-vorbis: bf7c407c2cedff20999df2af8eb42d56 -> 
========================================================================
Received Import Request.
  path: Assets/Prefabs/Pathway2.prefab
  artifactKey: Guid(0bc884da958bd384aa66b855a84aa5de) Importer(815301076,1909f56bfc062723c751e8b465ee728b)
Start importing Assets/Prefabs/Pathway2.prefab using Guid(0bc884da958bd384aa66b855a84aa5de) Importer(815301076,1909f56bfc062723c751e8b465ee728b)  -> (artifact id: 'e9481d2524a29fa4accdcd85eefb9c32') in 0.085973 seconds 
  Import took 0.088351 seconds .

========================================================================
Received Import Request.
  Time since last request: 0.000159 seconds.
  path: Assets/Prefabs/EnemiesBul.prefab
  artifactKey: Guid(0116dcb312171d0428a46b18f48d9d56) Importer(815301076,1909f56bfc062723c751e8b465ee728b)
Start importing Assets/Prefabs/EnemiesBul.prefab using Guid(0116dcb312171d0428a46b18f48d9d56) Importer(815301076,1909f56bfc062723c751e8b465ee728b)  -> (artifact id: '2e31b016bd8ed2e726e1082e758eb755') in 0.011690 seconds 
  Import took 0.013977 seconds .

========================================================================
Received Import Request.
  Time since last request: 0.000152 seconds.
  path: Assets/Prefabs/Pathway.prefab
  artifactKey: Guid(089f6a8551924ed41a4e3dcdd02594a3) Importer(815301076,1909f56bfc062723c751e8b465ee728b)
Start importing Assets/Prefabs/Pathway.prefab using Guid(089f6a8551924ed41a4e3dcdd02594a3) Importer(815301076,1909f56bfc062723c751e8b465ee728b)  -> (artifact id: '8e38e58fa55bdbc3dd32c17ed4fa030c') in 0.012016 seconds 
  Import took 0.014259 seconds .

========================================================================
Received Import Request.
  Time since last request: 1.711809 seconds.
  path: Assets/ResourcesforCharacters
  artifactKey: Guid(0896433a8092c1544be3935a0dbd7090) Importer(815301076,1909f56bfc062723c751e8b465ee728b)
Start importing Assets/ResourcesforCharacters using Guid(0896433a8092c1544be3935a0dbd7090) Importer(815301076,1909f56bfc062723c751e8b465ee728b)  -> (artifact id: '06fe4a0889c4825048707b43a2497b29') in 0.002883 seconds 
  Import took 0.005406 seconds .

========================================================================
Received Import Request.
  Time since last request: 8.849188 seconds.
  path: Assets/ResourcesforCharacters/PlayerCharacters
  artifactKey: Guid(f28d91eb49d4797458aa46da49feb933) Importer(815301076,1909f56bfc062723c751e8b465ee728b)
Start importing Assets/ResourcesforCharacters/PlayerCharacters using Guid(f28d91eb49d4797458aa46da49feb933) Importer(815301076,1909f56bfc062723c751e8b465ee728b)  -> (artifact id: '3842af6242e387887ade453dc656371b') in 0.003276 seconds 
  Import took 0.005605 seconds .

========================================================================
Received Import Request.
  Time since last request: 1.936527 seconds.
  path: Assets/ResourcesforCharacters/PlayerCharacters/Free Characters
  artifactKey: Guid(692e54609cd92ee42b46371e9f878b05) Importer(815301076,1909f56bfc062723c751e8b465ee728b)
Start importing Assets/ResourcesforCharacters/PlayerCharacters/Free Characters using Guid(692e54609cd92ee42b46371e9f878b05) Importer(815301076,1909f56bfc062723c751e8b465ee728b)  -> (artifact id: 'bda4db5b1a8e6ef17f22e392e50fe05f') in 0.007851 seconds 
  Import took 0.010106 seconds .

========================================================================
Received Import Request.
  Time since last request: 0.882183 seconds.
  path: Assets/ResourcesforCharacters/PlayerCharacters/Free Characters/Contents
  artifactKey: Guid(392d430bf81bc3741b510601a60ff905) Importer(815301076,1909f56bfc062723c751e8b465ee728b)
Start importing Assets/ResourcesforCharacters/PlayerCharacters/Free Characters/Contents using Guid(392d430bf81bc3741b510601a60ff905) Importer(815301076,1909f56bfc062723c751e8b465ee728b)  -> (artifact id: '665616b630042c5a32a5107c66329ea6') in 0.007467 seconds 
  Import took 0.009734 seconds .

========================================================================
Received Import Request.
  Time since last request: 0.626361 seconds.
  path: Assets/ResourcesforCharacters/PlayerCharacters/Free Characters/Contents/Materials
  artifactKey: Guid(7752e6a30edb42844b1e77b72c169e73) Importer(815301076,1909f56bfc062723c751e8b465ee728b)
Start importing Assets/ResourcesforCharacters/PlayerCharacters/Free Characters/Contents/Materials using Guid(7752e6a30edb42844b1e77b72c169e73) Importer(815301076,1909f56bfc062723c751e8b465ee728b)  -> (artifact id: '692e6bcdb1b8fd5558304c3ca6b41c66') in 0.003138 seconds 
  Import took 0.006036 seconds .

========================================================================
Received Import Request.
  Time since last request: 5.780087 seconds.
  path: Assets/ResourcesforCharacters/PlayerCharacters/Free Characters/Contents/Mesh
  artifactKey: Guid(864baad7443f25e4bad35b3035d1db36) Importer(815301076,1909f56bfc062723c751e8b465ee728b)
Start importing Assets/ResourcesforCharacters/PlayerCharacters/Free Characters/Contents/Mesh using Guid(864baad7443f25e4bad35b3035d1db36) Importer(815301076,1909f56bfc062723c751e8b465ee728b)  -> (artifact id: '9e4ed00a48203ac66a00fd5a9a2dc776') in 0.003039 seconds 
  Import took 0.005442 seconds .

========================================================================
Received Import Request.
  Time since last request: 2.590010 seconds.
  path: Assets/ResourcesforCharacters/PlayerCharacters/Free Characters/Contents/Prefabs/Legacy Characters
  artifactKey: Guid(c870d4f7db5deac47952a55b654dac86) Importer(815301076,1909f56bfc062723c751e8b465ee728b)
Start importing Assets/ResourcesforCharacters/PlayerCharacters/Free Characters/Contents/Prefabs/Legacy Characters using Guid(c870d4f7db5deac47952a55b654dac86) Importer(815301076,1909f56bfc062723c751e8b465ee728b)  -> (artifact id: '10171ee39daa1902036964bac22ee631') in 0.002815 seconds 
  Import took 0.005480 seconds .

AssetImportWorkerClient::OnTransportError - code=2 error=End of file
